2024-07-18 12:41:48,209 — src.dialogue_loop — INFO — Initiating DialogueSearch-class
2024-07-18 12:41:48,210 — src.dialogue_loop — INFO — Initiating Selector-class
2024-07-18 12:41:48,210 — src.dialogue_loop — INFO — Initiating Aggregator-class
2024-07-18 12:41:48,210 — src.dialogue_loop — INFO — Initiating Reducer-class
2024-07-18 12:41:48,211 — src.dialogue_loop — INFO — Initiating Retriever-class
2024-07-18 12:41:48,211 — src.dialogue_loop — INFO — Initiating ThresholdRetriever
2024-07-18 12:41:50,090 — src.dialogue_loop — INFO — Initiating Summarizer-class
2024-07-18 12:41:50,447 — src.dialogue_loop — INFO — Initiating Generator-class
2024-07-18 12:41:50,448 — src.dialogue_loop — INFO — Initiating Controller-class
2024-07-18 12:41:50,448 — src.dialogue_loop — INFO — Initiating UserHandler-class
2024-07-18 12:41:55,239 — src.dialogue_loop — INFO — START_METHOD: Start dialogue session
2024-07-18 12:41:55,241 — src.dialogue_loop — INFO — START_METHOD: Формирование базового набора релевантных документов
2024-07-18 12:44:45,362 — src.dialogue_loop — INFO — START_METHOD: Start dialogue session
2024-07-18 12:44:45,364 — src.dialogue_loop — INFO — START_METHOD: Формирование базового набора релевантных документов
2024-07-18 12:44:45,581 — src.dialogue_loop — INFO — END_METHOD: Формирование базового набора релевантных документов
2024-07-18 12:44:45,582 — src.dialogue_loop — INFO — START_METHOD: Генерация ответа на основании концентрированного набора релевантных документов
2024-07-18 12:45:12,528 — src.dialogue_loop — INFO — END_METHOD: Генерация ответа на основании концентрированного набора релевантных документов
2024-07-18 12:45:12,529 — src.dialogue_loop — INFO — END_METHOD: Start dialogue session
2024-07-18 12:45:40,961 — src.dialogue_loop — INFO — START_METHOD: Start dialogue session
2024-07-18 12:45:40,970 — src.dialogue_loop — INFO — START_METHOD: Формирование базового набора релевантных документов
2024-07-18 12:45:40,982 — src.dialogue_loop — INFO — END_METHOD: Формирование базового набора релевантных документов
2024-07-18 12:45:40,982 — src.dialogue_loop — INFO — START_METHOD: Генерация ответа на основании концентрированного набора релевантных документов
2024-07-18 12:45:40,983 — src.dialogue_loop — INFO — END_METHOD: Генерация ответа на основании концентрированного набора релевантных документов
2024-07-18 12:45:40,983 — src.dialogue_loop — INFO — END_METHOD: Start dialogue session
2024-07-18 12:46:11,974 — src.dialogue_loop — INFO — START_METHOD: Start dialogue session
2024-07-18 12:46:11,976 — src.dialogue_loop — INFO — START_METHOD: Формирование базового набора релевантных документов
2024-07-18 12:46:11,991 — src.dialogue_loop — INFO — END_METHOD: Формирование базового набора релевантных документов
2024-07-18 12:46:11,991 — src.dialogue_loop — INFO — START_METHOD: Генерация ответа на основании концентрированного набора релевантных документов
2024-07-18 12:46:19,815 — src.dialogue_loop — INFO — END_METHOD: Генерация ответа на основании концентрированного набора релевантных документов
2024-07-18 12:46:19,815 — src.dialogue_loop — INFO — END_METHOD: Start dialogue session
